2019-12-18 21:45:49,520 INFO Starting Nacos v1.1.4 on nacos with PID 26 (/home/nacos/target/nacos-server.jar started by root in /home/nacos)

2019-12-18 21:45:49,526 INFO The following profiles are active: standalone

2019-12-18 21:45:55,431 INFO Bean 'org.springframework.security.config.annotation.configuration.ObjectPostProcessorConfiguration' of type [org.springframework.security.config.annotation.configuration.ObjectPostProcessorConfiguration$$EnhancerBySpringCGLIB$$9738b325] is not eligible for getting processed by all BeanPostProcessors (for example: not eligible for auto-proxying)

2019-12-18 21:45:55,659 INFO Bean 'objectPostProcessor' of type [org.springframework.security.config.annotation.configuration.AutowireBeanFactoryObjectPostProcessor] is not eligible for getting processed by all BeanPostProcessors (for example: not eligible for auto-proxying)

2019-12-18 21:45:55,665 INFO Bean 'org.springframework.security.access.expression.method.DefaultMethodSecurityExpressionHandler@3e08ff24' of type [org.springframework.security.access.expression.method.DefaultMethodSecurityExpressionHandler] is not eligible for getting processed by all BeanPostProcessors (for example: not eligible for auto-proxying)

2019-12-18 21:45:55,668 INFO Bean 'org.springframework.security.config.annotation.method.configuration.GlobalMethodSecurityConfiguration' of type [org.springframework.security.config.annotation.method.configuration.GlobalMethodSecurityConfiguration$$EnhancerBySpringCGLIB$$bc0d55d7] is not eligible for getting processed by all BeanPostProcessors (for example: not eligible for auto-proxying)

2019-12-18 21:45:55,684 INFO Bean 'methodSecurityMetadataSource' of type [org.springframework.security.access.method.DelegatingMethodSecurityMetadataSource] is not eligible for getting processed by all BeanPostProcessors (for example: not eligible for auto-proxying)

2019-12-18 21:45:57,217 INFO Tomcat initialized with port(s): 8848 (http)

2019-12-18 21:45:57,278 INFO Starting service [Tomcat]

2019-12-18 21:45:57,279 INFO Starting Servlet Engine: Apache Tomcat/9.0.13

2019-12-18 21:45:57,291 INFO The APR based Apache Tomcat Native library which allows optimal performance in production environments was not found on the java.library.path: [/usr/java/packages/lib/amd64:/usr/lib64:/lib64:/lib:/usr/lib]

2019-12-18 21:45:57,382 INFO Initializing Spring embedded WebApplicationContext

2019-12-18 21:45:57,382 INFO Root WebApplicationContext: initialization completed in 7733 ms

2019-12-18 21:46:02,052 INFO Use Mysql as the driver

2019-12-18 21:46:02,612 INFO Initializing ExecutorService 'applicationTaskExecutor'

2019-12-18 21:46:03,358 INFO Adding welcome page: class path resource [static/index.html]

2019-12-18 21:46:03,770 INFO Creating filter chain: Ant [pattern='/'], []

2019-12-18 21:46:03,770 INFO Creating filter chain: Ant [pattern='/**/*.css'], []

2019-12-18 21:46:03,770 INFO Creating filter chain: Ant [pattern='/**/*.js'], []

2019-12-18 21:46:03,770 INFO Creating filter chain: Ant [pattern='/**/*.html'], []

2019-12-18 21:46:03,770 INFO Creating filter chain: Ant [pattern='/**/*.map'], []

2019-12-18 21:46:03,770 INFO Creating filter chain: Ant [pattern='/**/*.svg'], []

2019-12-18 21:46:03,771 INFO Creating filter chain: Ant [pattern='/**/*.png'], []

2019-12-18 21:46:03,771 INFO Creating filter chain: Ant [pattern='/**/*.ico'], []

2019-12-18 21:46:03,771 INFO Creating filter chain: Ant [pattern='/console-fe/public/**'], []

2019-12-18 21:46:03,771 INFO Creating filter chain: Ant [pattern='/v1/auth/login'], []

2019-12-18 21:46:03,771 INFO Creating filter chain: Ant [pattern='/v1/console/health/**'], []

2019-12-18 21:46:03,771 INFO Creating filter chain: Ant [pattern='/v1/cs/**'], []

2019-12-18 21:46:03,771 INFO Creating filter chain: Ant [pattern='/v1/ns/**'], []

2019-12-18 21:46:03,771 INFO Creating filter chain: Ant [pattern='/v1/cmdb/**'], []

2019-12-18 21:46:03,771 INFO Creating filter chain: Ant [pattern='/actuator/**'], []

2019-12-18 21:46:03,771 INFO Creating filter chain: Ant [pattern='/v1/console/server/**'], []

2019-12-18 21:46:03,807 INFO Creating filter chain: any request, [org.springframework.security.web.context.request.async.WebAsyncManagerIntegrationFilter@2cf92cc7, org.springframework.security.web.context.SecurityContextPersistenceFilter@7e809b79, org.springframework.security.web.header.HeaderWriterFilter@5241cf67, org.springframework.security.web.authentication.logout.LogoutFilter@55795845, com.alibaba.nacos.console.filter.JwtAuthenticationTokenFilter@30ea8c23, org.springframework.security.web.savedrequest.RequestCacheAwareFilter@625e134e, org.springframework.security.web.servletapi.SecurityContextHolderAwareRequestFilter@5dbe30be, org.springframework.security.web.authentication.AnonymousAuthenticationFilter@7b139eab, org.springframework.security.web.session.SessionManagementFilter@77192705, org.springframework.security.web.access.ExceptionTranslationFilter@475835b1, org.springframework.security.web.access.intercept.FilterSecurityInterceptor@76c7beb3]

2019-12-18 21:46:03,913 INFO Exposing 16 endpoint(s) beneath base path '/actuator'

2019-12-18 21:46:03,960 INFO Initializing ExecutorService 'taskScheduler'

2019-12-18 21:46:04,202 INFO Tomcat started on port(s): 8848 (http) with context path '/nacos'

2019-12-18 21:46:04,206 INFO Started Nacos in 17.006 seconds (JVM running for 19.826)

2019-12-18 21:46:04,206 INFO Nacos Log files: /home/nacos/logs/

2019-12-18 21:46:04,206 INFO Nacos Conf files: /home/nacos/conf/

2019-12-18 21:46:04,206 INFO Nacos Data files: /home/nacos/data/

2019-12-18 21:46:04,207 INFO Nacos started successfully in stand alone mode.

2019-12-18 21:46:04,713 INFO Initializing Spring DispatcherServlet 'dispatcherServlet'

2019-12-18 21:46:04,716 INFO Initializing Servlet 'dispatcherServlet'

2019-12-18 21:46:04,732 INFO Completed initialization in 13 ms

2019-12-18 21:47:05,643 INFO Expired JWT token.

2019-12-18 21:47:05,701 ERROR Responding with unauthorized error. Message - Full authentication is required to access this resource

2019-12-18 21:55:38,275 INFO Starting Nacos v1.1.4 on nacos with PID 26 (/home/nacos/target/nacos-server.jar started by root in /home/nacos)

2019-12-18 21:55:38,278 INFO The following profiles are active: standalone

2019-12-18 21:55:43,472 INFO Bean 'org.springframework.security.config.annotation.configuration.ObjectPostProcessorConfiguration' of type [org.springframework.security.config.annotation.configuration.ObjectPostProcessorConfiguration$$EnhancerBySpringCGLIB$$f0698bf] is not eligible for getting processed by all BeanPostProcessors (for example: not eligible for auto-proxying)

2019-12-18 21:55:43,717 INFO Bean 'objectPostProcessor' of type [org.springframework.security.config.annotation.configuration.AutowireBeanFactoryObjectPostProcessor] is not eligible for getting processed by all BeanPostProcessors (for example: not eligible for auto-proxying)

2019-12-18 21:55:43,737 INFO Bean 'org.springframework.security.access.expression.method.DefaultMethodSecurityExpressionHandler@4a003cbe' of type [org.springframework.security.access.expression.method.DefaultMethodSecurityExpressionHandler] is not eligible for getting processed by all BeanPostProcessors (for example: not eligible for auto-proxying)

2019-12-18 21:55:43,740 INFO Bean 'org.springframework.security.config.annotation.method.configuration.GlobalMethodSecurityConfiguration' of type [org.springframework.security.config.annotation.method.configuration.GlobalMethodSecurityConfiguration$$EnhancerBySpringCGLIB$$33db3b71] is not eligible for getting processed by all BeanPostProcessors (for example: not eligible for auto-proxying)

2019-12-18 21:55:43,745 INFO Bean 'methodSecurityMetadataSource' of type [org.springframework.security.access.method.DelegatingMethodSecurityMetadataSource] is not eligible for getting processed by all BeanPostProcessors (for example: not eligible for auto-proxying)

2019-12-18 21:55:45,677 INFO Tomcat initialized with port(s): 8848 (http)

2019-12-18 21:55:45,744 INFO Starting service [Tomcat]

2019-12-18 21:55:45,745 INFO Starting Servlet Engine: Apache Tomcat/9.0.13

2019-12-18 21:55:45,768 INFO The APR based Apache Tomcat Native library which allows optimal performance in production environments was not found on the java.library.path: [/usr/java/packages/lib/amd64:/usr/lib64:/lib64:/lib:/usr/lib]

2019-12-18 21:55:45,974 INFO Initializing Spring embedded WebApplicationContext

2019-12-18 21:55:45,974 INFO Root WebApplicationContext: initialization completed in 7595 ms

2019-12-18 21:55:52,674 INFO Use Mysql as the driver

2019-12-18 21:55:53,042 INFO Initializing ExecutorService 'applicationTaskExecutor'

2019-12-18 21:55:53,480 INFO Adding welcome page: class path resource [static/index.html]

2019-12-18 21:55:53,867 INFO Creating filter chain: Ant [pattern='/'], []

2019-12-18 21:55:53,867 INFO Creating filter chain: Ant [pattern='/**/*.css'], []

2019-12-18 21:55:53,867 INFO Creating filter chain: Ant [pattern='/**/*.js'], []

2019-12-18 21:55:53,867 INFO Creating filter chain: Ant [pattern='/**/*.html'], []

2019-12-18 21:55:53,867 INFO Creating filter chain: Ant [pattern='/**/*.map'], []

2019-12-18 21:55:53,867 INFO Creating filter chain: Ant [pattern='/**/*.svg'], []

2019-12-18 21:55:53,868 INFO Creating filter chain: Ant [pattern='/**/*.png'], []

2019-12-18 21:55:53,868 INFO Creating filter chain: Ant [pattern='/**/*.ico'], []

2019-12-18 21:55:53,868 INFO Creating filter chain: Ant [pattern='/console-fe/public/**'], []

2019-12-18 21:55:53,868 INFO Creating filter chain: Ant [pattern='/v1/auth/login'], []

2019-12-18 21:55:53,868 INFO Creating filter chain: Ant [pattern='/v1/console/health/**'], []

2019-12-18 21:55:53,868 INFO Creating filter chain: Ant [pattern='/v1/cs/**'], []

2019-12-18 21:55:53,868 INFO Creating filter chain: Ant [pattern='/v1/ns/**'], []

2019-12-18 21:55:53,868 INFO Creating filter chain: Ant [pattern='/v1/cmdb/**'], []

2019-12-18 21:55:53,868 INFO Creating filter chain: Ant [pattern='/actuator/**'], []

2019-12-18 21:55:53,868 INFO Creating filter chain: Ant [pattern='/v1/console/server/**'], []

2019-12-18 21:55:53,906 INFO Creating filter chain: any request, [org.springframework.security.web.context.request.async.WebAsyncManagerIntegrationFilter@26fb628, org.springframework.security.web.context.SecurityContextPersistenceFilter@611df6e3, org.springframework.security.web.header.HeaderWriterFilter@2cf92cc7, org.springframework.security.web.authentication.logout.LogoutFilter@52500920, com.alibaba.nacos.console.filter.JwtAuthenticationTokenFilter@3e2943ab, org.springframework.security.web.savedrequest.RequestCacheAwareFilter@6273c5a4, org.springframework.security.web.servletapi.SecurityContextHolderAwareRequestFilter@41a90fa8, org.springframework.security.web.authentication.AnonymousAuthenticationFilter@70dd7e15, org.springframework.security.web.session.SessionManagementFilter@7b139eab, org.springframework.security.web.access.ExceptionTranslationFilter@76c7beb3, org.springframework.security.web.access.intercept.FilterSecurityInterceptor@f9d87b]

2019-12-18 21:55:54,020 INFO Exposing 16 endpoint(s) beneath base path '/actuator'

2019-12-18 21:55:54,058 INFO Initializing ExecutorService 'taskScheduler'

2019-12-18 21:55:54,182 INFO Tomcat started on port(s): 8848 (http) with context path '/nacos'

2019-12-18 21:55:54,191 INFO Started Nacos in 17.563 seconds (JVM running for 18.267)

2019-12-18 21:55:54,192 INFO Nacos Log files: /home/nacos/logs/

2019-12-18 21:55:54,192 INFO Nacos Conf files: /home/nacos/conf/

2019-12-18 21:55:54,193 INFO Nacos Data files: /home/nacos/data/

2019-12-18 21:55:54,193 INFO Nacos started successfully in stand alone mode.

2019-12-18 21:55:54,303 INFO Initializing Spring DispatcherServlet 'dispatcherServlet'

2019-12-18 21:55:54,304 INFO Initializing Servlet 'dispatcherServlet'

2019-12-18 21:55:54,318 INFO Completed initialization in 14 ms

2019-12-18 22:05:52,489 INFO [capacityManagement] start correct usage

2019-12-18 22:05:52,540 INFO [capacityManagement] end correct usage, cost: 0s

2019-12-18 22:05:52,655 WARN clearConfigHistory start

2019-12-18 22:15:52,540 INFO [capacityManagement] start correct usage

2019-12-18 22:15:52,541 INFO [capacityManagement] end correct usage, cost: 0s

2019-12-18 22:15:52,664 WARN clearConfigHistory start

2019-12-18 22:25:52,541 INFO [capacityManagement] start correct usage

2019-12-18 22:25:52,542 INFO [capacityManagement] end correct usage, cost: 0s

2019-12-18 22:25:52,668 WARN clearConfigHistory start

2019-12-18 22:35:52,542 INFO [capacityManagement] start correct usage

2019-12-18 22:35:52,544 INFO [capacityManagement] end correct usage, cost: 0s

2019-12-18 22:35:52,671 WARN clearConfigHistory start

2019-12-18 22:46:22,754 INFO Starting Nacos v1.1.4 on nacos with PID 26 (/home/nacos/target/nacos-server.jar started by root in /home/nacos)

2019-12-18 22:46:22,762 INFO The following profiles are active: standalone

2019-12-18 22:46:29,159 INFO Bean 'org.springframework.security.config.annotation.configuration.ObjectPostProcessorConfiguration' of type [org.springframework.security.config.annotation.configuration.ObjectPostProcessorConfiguration$$EnhancerBySpringCGLIB$$f0698bf] is not eligible for getting processed by all BeanPostProcessors (for example: not eligible for auto-proxying)

2019-12-18 22:46:29,458 INFO Bean 'objectPostProcessor' of type [org.springframework.security.config.annotation.configuration.AutowireBeanFactoryObjectPostProcessor] is not eligible for getting processed by all BeanPostProcessors (for example: not eligible for auto-proxying)

2019-12-18 22:46:29,461 INFO Bean 'org.springframework.security.access.expression.method.DefaultMethodSecurityExpressionHandler@4a003cbe' of type [org.springframework.security.access.expression.method.DefaultMethodSecurityExpressionHandler] is not eligible for getting processed by all BeanPostProcessors (for example: not eligible for auto-proxying)

2019-12-18 22:46:29,470 INFO Bean 'org.springframework.security.config.annotation.method.configuration.GlobalMethodSecurityConfiguration' of type [org.springframework.security.config.annotation.method.configuration.GlobalMethodSecurityConfiguration$$EnhancerBySpringCGLIB$$33db3b71] is not eligible for getting processed by all BeanPostProcessors (for example: not eligible for auto-proxying)

2019-12-18 22:46:29,497 INFO Bean 'methodSecurityMetadataSource' of type [org.springframework.security.access.method.DelegatingMethodSecurityMetadataSource] is not eligible for getting processed by all BeanPostProcessors (for example: not eligible for auto-proxying)

2019-12-18 22:46:31,032 INFO Tomcat initialized with port(s): 8848 (http)

2019-12-18 22:46:31,206 INFO Starting service [Tomcat]

2019-12-18 22:46:31,207 INFO Starting Servlet Engine: Apache Tomcat/9.0.13

2019-12-18 22:46:31,250 INFO The APR based Apache Tomcat Native library which allows optimal performance in production environments was not found on the java.library.path: [/usr/java/packages/lib/amd64:/usr/lib64:/lib64:/lib:/usr/lib]

2019-12-18 22:46:31,583 INFO Initializing Spring embedded WebApplicationContext

2019-12-18 22:46:31,583 INFO Root WebApplicationContext: initialization completed in 8673 ms

2019-12-18 22:46:36,107 INFO Use Mysql as the driver

2019-12-18 22:46:36,542 INFO Initializing ExecutorService 'applicationTaskExecutor'

2019-12-18 22:46:37,107 INFO Adding welcome page: class path resource [static/index.html]

2019-12-18 22:46:37,587 INFO Creating filter chain: Ant [pattern='/'], []

2019-12-18 22:46:37,588 INFO Creating filter chain: Ant [pattern='/**/*.css'], []

2019-12-18 22:46:37,588 INFO Creating filter chain: Ant [pattern='/**/*.js'], []

2019-12-18 22:46:37,588 INFO Creating filter chain: Ant [pattern='/**/*.html'], []

2019-12-18 22:46:37,588 INFO Creating filter chain: Ant [pattern='/**/*.map'], []

2019-12-18 22:46:37,588 INFO Creating filter chain: Ant [pattern='/**/*.svg'], []

2019-12-18 22:46:37,588 INFO Creating filter chain: Ant [pattern='/**/*.png'], []

2019-12-18 22:46:37,588 INFO Creating filter chain: Ant [pattern='/**/*.ico'], []

2019-12-18 22:46:37,588 INFO Creating filter chain: Ant [pattern='/console-fe/public/**'], []

2019-12-18 22:46:37,588 INFO Creating filter chain: Ant [pattern='/v1/auth/login'], []

2019-12-18 22:46:37,588 INFO Creating filter chain: Ant [pattern='/v1/console/health/**'], []

2019-12-18 22:46:37,588 INFO Creating filter chain: Ant [pattern='/v1/cs/**'], []

2019-12-18 22:46:37,589 INFO Creating filter chain: Ant [pattern='/v1/ns/**'], []

2019-12-18 22:46:37,589 INFO Creating filter chain: Ant [pattern='/v1/cmdb/**'], []

2019-12-18 22:46:37,589 INFO Creating filter chain: Ant [pattern='/actuator/**'], []

2019-12-18 22:46:37,589 INFO Creating filter chain: Ant [pattern='/v1/console/server/**'], []

2019-12-18 22:46:37,630 INFO Creating filter chain: any request, [org.springframework.security.web.context.request.async.WebAsyncManagerIntegrationFilter@3d8bbcdc, org.springframework.security.web.context.SecurityContextPersistenceFilter@1a1da881, org.springframework.security.web.header.HeaderWriterFilter@4fe89c24, org.springframework.security.web.authentication.logout.LogoutFilter@3f2ef586, com.alibaba.nacos.console.filter.JwtAuthenticationTokenFilter@52500920, org.springframework.security.web.savedrequest.RequestCacheAwareFilter@7fd4acee, org.springframework.security.web.servletapi.SecurityContextHolderAwareRequestFilter@2f058b8a, org.springframework.security.web.authentication.AnonymousAuthenticationFilter@117e0fe5, org.springframework.security.web.session.SessionManagementFilter@3d08f3f5, org.springframework.security.web.access.ExceptionTranslationFilter@89c10b7, org.springframework.security.web.access.intercept.FilterSecurityInterceptor@53e211ee]

2019-12-18 22:46:37,749 INFO Exposing 16 endpoint(s) beneath base path '/actuator'

2019-12-18 22:46:37,789 INFO Initializing ExecutorService 'taskScheduler'

2019-12-18 22:46:37,973 INFO Tomcat started on port(s): 8848 (http) with context path '/nacos'

2019-12-18 22:46:37,977 INFO Started Nacos in 18.158 seconds (JVM running for 20.547)

2019-12-18 22:46:37,977 INFO Nacos Log files: /home/nacos/logs/

2019-12-18 22:46:37,977 INFO Nacos Conf files: /home/nacos/conf/

2019-12-18 22:46:37,977 INFO Nacos Data files: /home/nacos/data/

2019-12-18 22:46:37,977 INFO Nacos started successfully in stand alone mode.

2019-12-18 22:46:38,033 INFO Initializing Spring DispatcherServlet 'dispatcherServlet'

2019-12-18 22:46:38,034 INFO Initializing Servlet 'dispatcherServlet'

2019-12-18 22:46:38,048 INFO Completed initialization in 13 ms

2019-12-18 22:56:35,825 INFO [capacityManagement] start correct usage

2019-12-18 22:56:35,892 INFO [capacityManagement] end correct usage, cost: 0s

2019-12-18 22:56:36,099 WARN clearConfigHistory start

2019-12-18 23:06:08,680 INFO Expired JWT token.

2019-12-18 23:06:08,699 ERROR Responding with unauthorized error. Message - Full authentication is required to access this resource

2019-12-18 23:06:35,892 INFO [capacityManagement] start correct usage

2019-12-18 23:06:35,893 INFO [capacityManagement] end correct usage, cost: 0s

2019-12-18 23:06:36,125 WARN clearConfigHistory start

2019-12-18 23:16:35,893 INFO [capacityManagement] start correct usage

2019-12-18 23:16:35,895 INFO [capacityManagement] end correct usage, cost: 0s

2019-12-18 23:16:36,127 WARN clearConfigHistory start

2019-12-18 23:26:35,895 INFO [capacityManagement] start correct usage

2019-12-18 23:26:35,896 INFO [capacityManagement] end correct usage, cost: 0s

2019-12-18 23:26:36,128 WARN clearConfigHistory start

2019-12-18 23:36:35,896 INFO [capacityManagement] start correct usage

2019-12-18 23:36:35,897 INFO [capacityManagement] end correct usage, cost: 0s

2019-12-18 23:36:36,129 WARN clearConfigHistory start

2019-12-18 23:41:52,407 INFO Expired JWT token.

2019-12-18 23:41:52,408 ERROR Responding with unauthorized error. Message - Full authentication is required to access this resource

2019-12-18 23:46:35,897 INFO [capacityManagement] start correct usage

2019-12-18 23:46:35,900 INFO [capacityManagement] end correct usage, cost: 0s

2019-12-18 23:46:36,130 WARN clearConfigHistory start

2019-12-18 23:56:35,900 INFO [capacityManagement] start correct usage

2019-12-18 23:56:35,903 INFO [capacityManagement] end correct usage, cost: 0s

2019-12-18 23:56:36,133 WARN clearConfigHistory start

