2019-11-25 19:33:32,977 INFO PERFORMANCE:|2|8|-1|-1

2019-11-25 19:38:32,979 INFO PERFORMANCE:|2|8|-1|-1

2019-11-25 19:39:23,178 INFO PERFORMANCE:|2|8|-1|-1

2019-11-25 19:45:10,101 INFO PERFORMANCE:|2|8|-1|-1

2019-11-25 19:49:45,911 INFO PERFORMANCE:|2|8|-1|-1

2019-11-25 19:54:45,912 INFO PERFORMANCE:|2|8|-1|-1

2019-11-25 19:56:43,218 INFO PERFORMANCE:|2|8|-1|-1

2019-11-25 20:01:43,218 INFO PERFORMANCE:|2|8|-1|-1

2019-11-25 20:06:43,219 INFO PERFORMANCE:|2|8|-1|-1

2019-11-25 20:11:43,219 INFO PERFORMANCE:|2|8|-1|-1

2019-11-25 20:16:43,219 INFO PERFORMANCE:|2|8|-1|-1

2019-11-25 20:19:25,785 INFO PERFORMANCE:|2|8|44|24

2019-11-25 20:24:25,785 INFO PERFORMANCE:|2|8|-1|-1

2019-11-25 20:30:04,536 INFO PERFORMANCE:|2|8|-1|-1

2019-11-25 20:35:04,536 INFO PERFORMANCE:|2|8|-1|-1

2019-11-25 20:40:04,537 INFO PERFORMANCE:|2|8|-1|-1

2019-11-25 20:45:04,537 INFO PERFORMANCE:|2|8|-1|-1

2019-11-25 20:50:04,537 INFO PERFORMANCE:|2|8|-1|-1

2019-11-25 20:55:04,538 INFO PERFORMANCE:|2|8|-1|-1

2019-11-25 20:57:13,982 INFO PERFORMANCE:|2|8|-1|-1

