
         ,--.
       ,--.'|
   ,--,:  : |                                           Nacos 1.1.4
,`--.'`|  ' :                       ,---.               Running in stand alone mode, All function modules
|   :  :  | |                      '   ,'\   .--.--.    Port: 8848
:   |   \ | :  ,--.--.     ,---.  /   /   | /  /    '   Pid: 26
|   : '  '; | /       \   /     \.   ; ,. :|  :  /`./   Console: http://nacos:8848/nacos/index.html
'   ' ;.    ;.--.  .-. | /    / ''   | |: :|  :  ;_
|   | | \   | \__\/: . ..    ' / '   | .; : \  \    `.      https://nacos.io
'   : |  ; .' ," .--.; |'   ; :__|   :    |  `----.   \
|   | '`--'  /  /  ,.  |'   | '.'|\   \  /  /  /`--'  /
'   : |     ;  :   .'   \   :    : `----'  '--'.     /
;   |.'     |  ,     .-./\   \  /            `--'---'
'---'        `--`---'     `----'

2019-11-25 20:56:36,259 INFO Bean 'org.springframework.security.config.annotation.configuration.ObjectPostProcessorConfiguration' of type [org.springframework.security.config.annotation.configuration.ObjectPostProcessorConfiguration$$EnhancerBySpringCGLIB$$38f2435f] is not eligible for getting processed by all BeanPostProcessors (for example: not eligible for auto-proxying)

2019-11-25 20:56:36,385 INFO Bean 'objectPostProcessor' of type [org.springframework.security.config.annotation.configuration.AutowireBeanFactoryObjectPostProcessor] is not eligible for getting processed by all BeanPostProcessors (for example: not eligible for auto-proxying)

2019-11-25 20:56:36,396 INFO Bean 'org.springframework.security.access.expression.method.DefaultMethodSecurityExpressionHandler@1972e513' of type [org.springframework.security.access.expression.method.DefaultMethodSecurityExpressionHandler] is not eligible for getting processed by all BeanPostProcessors (for example: not eligible for auto-proxying)

2019-11-25 20:56:36,398 INFO Bean 'org.springframework.security.config.annotation.method.configuration.GlobalMethodSecurityConfiguration' of type [org.springframework.security.config.annotation.method.configuration.GlobalMethodSecurityConfiguration$$EnhancerBySpringCGLIB$$5dc6e611] is not eligible for getting processed by all BeanPostProcessors (for example: not eligible for auto-proxying)

2019-11-25 20:56:36,414 INFO Bean 'methodSecurityMetadataSource' of type [org.springframework.security.access.method.DelegatingMethodSecurityMetadataSource] is not eligible for getting processed by all BeanPostProcessors (for example: not eligible for auto-proxying)

2019-11-25 20:56:37,462 INFO Tomcat initialized with port(s): 8848 (http)

2019-11-25 20:56:37,745 INFO Root WebApplicationContext: initialization completed in 7356 ms

2019-11-25 20:56:44,493 INFO Initializing ExecutorService 'applicationTaskExecutor'

2019-11-25 20:56:45,423 INFO Adding welcome page: class path resource [static/index.html]

2019-11-25 20:56:46,008 INFO Creating filter chain: Ant [pattern='/'], []

2019-11-25 20:56:46,008 INFO Creating filter chain: Ant [pattern='/**/*.css'], []

2019-11-25 20:56:46,008 INFO Creating filter chain: Ant [pattern='/**/*.js'], []

2019-11-25 20:56:46,008 INFO Creating filter chain: Ant [pattern='/**/*.html'], []

2019-11-25 20:56:46,008 INFO Creating filter chain: Ant [pattern='/**/*.map'], []

2019-11-25 20:56:46,008 INFO Creating filter chain: Ant [pattern='/**/*.svg'], []

2019-11-25 20:56:46,009 INFO Creating filter chain: Ant [pattern='/**/*.png'], []

2019-11-25 20:56:46,009 INFO Creating filter chain: Ant [pattern='/**/*.ico'], []

2019-11-25 20:56:46,009 INFO Creating filter chain: Ant [pattern='/console-fe/public/**'], []

2019-11-25 20:56:46,009 INFO Creating filter chain: Ant [pattern='/v1/auth/login'], []

2019-11-25 20:56:46,009 INFO Creating filter chain: Ant [pattern='/v1/console/health/**'], []

2019-11-25 20:56:46,009 INFO Creating filter chain: Ant [pattern='/v1/cs/**'], []

2019-11-25 20:56:46,009 INFO Creating filter chain: Ant [pattern='/v1/ns/**'], []

2019-11-25 20:56:46,009 INFO Creating filter chain: Ant [pattern='/v1/cmdb/**'], []

2019-11-25 20:56:46,009 INFO Creating filter chain: Ant [pattern='/actuator/**'], []

2019-11-25 20:56:46,009 INFO Creating filter chain: Ant [pattern='/v1/console/server/**'], []

2019-11-25 20:56:46,039 INFO Creating filter chain: any request, [org.springframework.security.web.context.request.async.WebAsyncManagerIntegrationFilter@172ca72b, org.springframework.security.web.context.SecurityContextPersistenceFilter@452ba1db, org.springframework.security.web.header.HeaderWriterFilter@2a65bb85, org.springframework.security.web.authentication.logout.LogoutFilter@3e2943ab, com.alibaba.nacos.console.filter.JwtAuthenticationTokenFilter@5bda80bf, org.springframework.security.web.savedrequest.RequestCacheAwareFilter@76a36b71, org.springframework.security.web.servletapi.SecurityContextHolderAwareRequestFilter@6ffab045, org.springframework.security.web.authentication.AnonymousAuthenticationFilter@71e5f61d, org.springframework.security.web.session.SessionManagementFilter@4f936da8, org.springframework.security.web.access.ExceptionTranslationFilter@18a3962d, org.springframework.security.web.access.intercept.FilterSecurityInterceptor@2d10e0b1]

2019-11-25 20:56:46,126 INFO Exposing 16 endpoint(s) beneath base path '/actuator'

2019-11-25 20:56:46,159 INFO Initializing ExecutorService 'taskScheduler'

2019-11-25 20:56:46,368 INFO Tomcat started on port(s): 8848 (http) with context path '/nacos'

2019-11-25 20:56:46,382 INFO Nacos Log files: /home/nacos/logs/

2019-11-25 20:56:46,382 INFO Nacos Conf files: /home/nacos/conf/

2019-11-25 20:56:46,383 INFO Nacos Data files: /home/nacos/data/

2019-11-25 20:56:46,383 INFO Nacos started successfully in stand alone mode.

2019-11-25 20:56:46,491 INFO Initializing Servlet 'dispatcherServlet'

2019-11-25 20:56:46,549 INFO Completed initialization in 58 ms

